TN:
SF:dist/index.js
FN:5,(anonymous_0)
FN:6,(anonymous_1)
FNF:2
FNH:1
FNDA:0,(anonymous_0)
FNDA:1,(anonymous_1)
DA:2,1
DA:3,1
DA:4,1
DA:5,1
DA:6,1
LF:5
LH:5
BRF:0
BRH:0
end_of_record
TN:
SF:dist/lib.js
FN:8,(anonymous_0)
FN:22,(anonymous_1)
FN:38,initEnhancedGeneratorFunction
FN:39,(anonymous_3)
FN:51,(anonymous_4)
FN:86,enhancedGeneratorFunctionSketch
FN:89,(anonymous_6)
FN:137,(anonymous_7)
FNF:8
FNH:8
FNDA:2,(anonymous_0)
FNDA:87,(anonymous_1)
FNDA:89,initEnhancedGeneratorFunction
FNDA:6,(anonymous_3)
FNDA:14,(anonymous_4)
FNDA:20,enhancedGeneratorFunctionSketch
FNDA:14,(anonymous_6)
FNDA:6,(anonymous_7)
DA:2,1
DA:3,1
DA:4,1
DA:5,1
DA:6,1
DA:7,1
DA:8,1
DA:9,2
DA:10,2
DA:11,2
DA:12,2
DA:13,2
DA:14,0
DA:16,2
DA:18,1
DA:20,1
DA:21,1
DA:22,6
DA:23,87
DA:24,87
DA:25,87
DA:26,87
DA:27,0
DA:29,87
DA:35,87
DA:39,89
DA:40,6
DA:42,6
DA:43,16
DA:44,16
DA:45,6
DA:47,10
DA:50,89
DA:51,60
DA:52,14
DA:54,14
DA:55,40
DA:56,40
DA:57,14
DA:59,26
DA:63,89
DA:64,89
DA:65,89
DA:66,89
DA:67,534
DA:69,89
DA:72,89
DA:75,89
DA:84,89
DA:87,20
DA:88,20
DA:89,14
DA:91,14
DA:92,14
DA:94,40
DA:95,24
DA:98,16
DA:100,40
DA:101,6
DA:103,34
DA:104,34
DA:105,230
DA:106,230
DA:108,66
DA:109,66
DA:112,54
DA:113,4
DA:115,50
DA:117,38
DA:118,2
DA:120,36
DA:122,38
DA:123,2
DA:125,36
DA:128,34
DA:131,26
DA:132,26
DA:136,6
DA:137,6
DA:139,6
DA:140,6
DA:141,16
DA:142,16
DA:143,2
DA:145,14
DA:146,14
DA:147,82
DA:148,82
DA:150,18
DA:151,18
DA:154,18
DA:155,2
DA:157,16
DA:159,16
DA:160,1
DA:162,15
DA:164,16
DA:165,1
DA:167,15
DA:170,14
DA:173,10
DA:174,10
LF:102
LH:100
BRDA:13,0,0,0
BRDA:13,0,1,2
BRDA:13,1,0,2
BRDA:13,1,1,1
BRDA:26,2,0,0
BRDA:26,2,1,87
BRDA:26,3,0,87
BRDA:26,3,1,0
BRDA:35,4,0,87
BRDA:35,4,1,35
BRDA:44,5,0,6
BRDA:44,5,1,10
BRDA:50,6,0,60
BRDA:50,6,1,29
BRDA:56,7,0,14
BRDA:56,7,1,26
BRDA:88,8,0,14
BRDA:88,8,1,6
BRDA:94,9,0,24
BRDA:94,9,1,16
BRDA:100,10,0,6
BRDA:100,10,1,34
BRDA:105,11,0,20
BRDA:105,11,1,210
BRDA:106,12,0,66
BRDA:106,12,1,16
BRDA:106,12,2,54
BRDA:106,12,3,38
BRDA:106,12,4,38
BRDA:106,12,5,34
BRDA:106,12,6,34
BRDA:112,13,0,4
BRDA:112,13,1,50
BRDA:117,14,0,2
BRDA:117,14,1,36
BRDA:122,15,0,2
BRDA:122,15,1,36
BRDA:142,16,0,2
BRDA:142,16,1,14
BRDA:148,17,0,18
BRDA:148,17,1,2
BRDA:148,17,2,18
BRDA:148,17,3,16
BRDA:148,17,4,16
BRDA:148,17,5,14
BRDA:148,17,6,14
BRDA:154,18,0,2
BRDA:154,18,1,16
BRDA:159,19,0,1
BRDA:159,19,1,15
BRDA:164,20,0,1
BRDA:164,20,1,15
BRF:52
BRH:49
end_of_record
TN:
SF:dist/utils.js
FN:4,(anonymous_0)
FN:5,(anonymous_1)
FN:6,(anonymous_2)
FN:7,(anonymous_3)
FN:8,(anonymous_4)
FN:9,(anonymous_5)
FN:10,isAsyncGenerator
FN:14,isGenerator
FN:18,isAsyncGeneratorFunction
FN:22,isGeneratorFunction
FN:26,isAsyncFunction
FN:30,isFunction
FNF:12
FNH:4
FNDA:0,(anonymous_0)
FNDA:0,(anonymous_1)
FNDA:0,(anonymous_2)
FNDA:0,(anonymous_3)
FNDA:0,(anonymous_4)
FNDA:0,(anonymous_5)
FNDA:0,isAsyncGenerator
FNDA:0,isGenerator
FNDA:2,isAsyncGeneratorFunction
FNDA:2,isGeneratorFunction
FNDA:87,isAsyncFunction
FNDA:87,isFunction
DA:2,1
DA:3,1
DA:4,1
DA:5,1
DA:6,1
DA:7,1
DA:8,1
DA:9,1
DA:11,0
DA:13,1
DA:15,0
DA:17,1
DA:19,2
DA:21,1
DA:23,2
DA:25,1
DA:27,87
DA:29,1
DA:31,87
DA:33,1
LF:20
LH:18
BRF:0
BRH:0
end_of_record
